D:\MVC\FashionWebsite\FashionWebsite\Content\node_modules\uri-js\dist\esnext\util.js
D:\MVC\FashionWebsite\FashionWebsite\Content\node_modules\uri-js\dist\esnext\util.js.map
D:\MVC\FashionWebsite\FashionWebsite\Content\node_modules\uri-js\dist\esnext\util.d.ts
D:\MVC\FashionWebsite\FashionWebsite\Content\node_modules\uri-js\dist\esnext\regexps-uri.js
D:\MVC\FashionWebsite\FashionWebsite\Content\node_modules\uri-js\dist\esnext\regexps-uri.js.map
D:\MVC\FashionWebsite\FashionWebsite\Content\node_modules\uri-js\dist\esnext\regexps-uri.d.ts
D:\MVC\FashionWebsite\FashionWebsite\Content\node_modules\uri-js\dist\esnext\regexps-iri.js
D:\MVC\FashionWebsite\FashionWebsite\Content\node_modules\uri-js\dist\esnext\regexps-iri.js.map
D:\MVC\FashionWebsite\FashionWebsite\Content\node_modules\uri-js\dist\esnext\regexps-iri.d.ts
D:\MVC\FashionWebsite\FashionWebsite\Content\node_modules\uri-js\dist\esnext\uri.js
D:\MVC\FashionWebsite\FashionWebsite\Content\node_modules\uri-js\dist\esnext\uri.js.map
D:\MVC\FashionWebsite\FashionWebsite\Content\node_modules\uri-js\dist\esnext\uri.d.ts
D:\MVC\FashionWebsite\FashionWebsite\Content\node_modules\uri-js\dist\esnext\schemes\http.js
D:\MVC\FashionWebsite\FashionWebsite\Content\node_modules\uri-js\dist\esnext\schemes\http.js.map
D:\MVC\FashionWebsite\FashionWebsite\Content\node_modules\uri-js\dist\esnext\schemes\http.d.ts
D:\MVC\FashionWebsite\FashionWebsite\Content\node_modules\uri-js\dist\esnext\schemes\https.js
D:\MVC\FashionWebsite\FashionWebsite\Content\node_modules\uri-js\dist\esnext\schemes\https.js.map
D:\MVC\FashionWebsite\FashionWebsite\Content\node_modules\uri-js\dist\esnext\schemes\https.d.ts
D:\MVC\FashionWebsite\FashionWebsite\Content\node_modules\uri-js\dist\esnext\schemes\mailto.js
D:\MVC\FashionWebsite\FashionWebsite\Content\node_modules\uri-js\dist\esnext\schemes\mailto.js.map
D:\MVC\FashionWebsite\FashionWebsite\Content\node_modules\uri-js\dist\esnext\schemes\mailto.d.ts
D:\MVC\FashionWebsite\FashionWebsite\Content\node_modules\uri-js\dist\esnext\schemes\urn.js
D:\MVC\FashionWebsite\FashionWebsite\Content\node_modules\uri-js\dist\esnext\schemes\urn.js.map
D:\MVC\FashionWebsite\FashionWebsite\Content\node_modules\uri-js\dist\esnext\schemes\urn.d.ts
D:\MVC\FashionWebsite\FashionWebsite\Content\node_modules\uri-js\dist\esnext\schemes\urn-uuid.js
D:\MVC\FashionWebsite\FashionWebsite\Content\node_modules\uri-js\dist\esnext\schemes\urn-uuid.js.map
D:\MVC\FashionWebsite\FashionWebsite\Content\node_modules\uri-js\dist\esnext\schemes\urn-uuid.d.ts
D:\MVC\FashionWebsite\FashionWebsite\Content\node_modules\uri-js\dist\esnext\index.js
D:\MVC\FashionWebsite\FashionWebsite\Content\node_modules\uri-js\dist\esnext\index.js.map
D:\MVC\FashionWebsite\FashionWebsite\Content\node_modules\uri-js\dist\esnext\index.d.ts
